<?xml version="1.0" encoding="UTF-8"?>
<testsuite name="com.userRegister.MobileNumberTest" tests="1" skipped="0" failures="0" errors="0" timestamp="2019-11-22T13:43:26" hostname="admin293-H110M-H" time="0.0">
  <properties/>
  <testcase name="givenMobileNumber_When_SpecialCharactersUsed_ShouldReturn_False" classname="com.userRegister.MobileNumberTest" time="0.0"/>
  <system-out><![CDATA[]]></system-out>
  <system-err><![CDATA[]]></system-err>
</testsuite>
