<?xml version="1.0" encoding="UTF-8"?>
<testsuite name="com.userRegister.UserRegistrationTest" tests="1" skipped="0" failures="0" errors="0" timestamp="2019-11-22T12:39:35" hostname="admin293-H110M-H" time="0.001">
  <properties/>
  <testcase name="givenLastName_When_Empty_ShouldReturnFalse" classname="com.userRegister.UserRegistrationTest" time="0.001"/>
  <system-out><![CDATA[]]></system-out>
  <system-err><![CDATA[]]></system-err>
</testsuite>
